<?xml version="1.0" encoding="UTF-8"?>
<testsuite xmlns:xsi="http://www.w3.org/2001/XMLSchema-instance" xsi:noNamespaceSchemaLocation="https://maven.apache.org/surefire/maven-surefire-plugin/xsd/surefire-test-report.xsd" name="com.iandadesign.closa.evaluation.EvaluationSetTest" time="0.556" tests="1" errors="1" skipped="0" failures="0">
  <properties>
    <property name="sun.desktop" value="gnome"/>
    <property name="awt.toolkit" value="sun.awt.X11.XToolkit"/>
    <property name="file.encoding.pkg" value="sun.io"/>
    <property name="java.specification.version" value="1.8"/>
    <property name="sun.cpu.isalist" value=""/>
    <property name="sun.jnu.encoding" value="UTF-8"/>
    <property name="java.class.path" value="/home/johannes/.m2/repository/org/apache/maven/surefire/surefire-booter/2.22.2/surefire-booter-2.22.2.jar:/home/johannes/.m2/repository/org/apache/maven/surefire/surefire-api/2.22.2/surefire-api-2.22.2.jar:/home/johannes/.m2/repository/org/apache/maven/surefire/surefire-logger-api/2.22.2/surefire-logger-api-2.22.2.jar:/home/johannes/Repositories/cl-osa-tng/target/test-classes:/home/johannes/Repositories/cl-osa-tng/target/classes:/home/johannes/.m2/repository/commons-io/commons-io/2.6/commons-io-2.6.jar:/home/johannes/.m2/repository/org/apache/commons/commons-lang3/3.7/commons-lang3-3.7.jar:/home/johannes/.m2/repository/edu/stanford/nlp/stanford-corenlp/3.7.0/stanford-corenlp-3.7.0.jar:/home/johannes/.m2/repository/com/apple/AppleJavaExtensions/1.4/AppleJavaExtensions-1.4.jar:/home/johannes/.m2/repository/de/jollyday/jollyday/0.4.9/jollyday-0.4.9.jar:/home/johannes/.m2/repository/org/apache/lucene/lucene-queryparser/4.10.3/lucene-queryparser-4.10.3.jar:/home/johannes/.m2/repository/org/apache/lucene/lucene-sandbox/4.10.3/lucene-sandbox-4.10.3.jar:/home/johannes/.m2/repository/org/apache/lucene/lucene-analyzers-common/4.10.3/lucene-analyzers-common-4.10.3.jar:/home/johannes/.m2/repository/org/apache/lucene/lucene-queries/4.10.3/lucene-queries-4.10.3.jar:/home/johannes/.m2/repository/org/apache/lucene/lucene-core/4.10.3/lucene-core-4.10.3.jar:/home/johannes/.m2/repository/javax/servlet/javax.servlet-api/3.0.1/javax.servlet-api-3.0.1.jar:/home/johannes/.m2/repository/com/io7m/xom/xom/1.2.10/xom-1.2.10.jar:/home/johannes/.m2/repository/xml-apis/xml-apis/1.3.03/xml-apis-1.3.03.jar:/home/johannes/.m2/repository/xerces/xercesImpl/2.8.0/xercesImpl-2.8.0.jar:/home/johannes/.m2/repository/xalan/xalan/2.7.0/xalan-2.7.0.jar:/home/johannes/.m2/repository/joda-time/joda-time/2.9/joda-time-2.9.jar:/home/johannes/.m2/repository/com/googlecode/efficient-java-matrix-library/ejml/0.23/ejml-0.23.jar:/home/johannes/.m2/repository/org/glassfish/javax.json/1.0.4/javax.json-1.0.4.jar:/home/johannes/.m2/repository/com/google/protobuf/protobuf-java/2.6.1/protobuf-java-2.6.1.jar:/home/johannes/.m2/repository/edu/stanford/nlp/stanford-corenlp/3.9.1/stanford-corenlp-3.9.1-models.jar:/home/johannes/.m2/repository/edu/stanford/nlp/stanford-corenlp/3.9.1/stanford-corenlp-3.9.1-models-english.jar:/home/johannes/.m2/repository/edu/stanford/nlp/stanford-corenlp/3.9.1/stanford-corenlp-3.9.1-models-chinese.jar:/home/johannes/.m2/repository/edu/stanford/nlp/stanford-corenlp/3.9.1/stanford-corenlp-3.9.1-models-german.jar:/home/johannes/.m2/repository/edu/stanford/nlp/stanford-corenlp/3.9.1/stanford-corenlp-3.9.1-models-spanish.jar:/home/johannes/.m2/repository/org/apache/commons/commons-math3/3.6.1/commons-math3-3.6.1.jar:/home/johannes/.m2/repository/org/apache/commons/commons-collections4/4.1/commons-collections4-4.1.jar:/home/johannes/.m2/repository/com/google/code/gson/gson/2.8.0/gson-2.8.0.jar:/home/johannes/.m2/repository/org/jsoup/jsoup/1.10.2/jsoup-1.10.2.jar:/home/johannes/.m2/repository/com/optimaize/languagedetector/language-detector/0.6/language-detector-0.6.jar:/home/johannes/.m2/repository/net/arnx/jsonic/1.2.11/jsonic-1.2.11.jar:/home/johannes/.m2/repository/com/intellij/annotations/12.0/annotations-12.0.jar:/home/johannes/.m2/repository/com/google/guava/guava/18.0/guava-18.0.jar:/home/johannes/.m2/repository/com/chenlb/mmseg4j/mmseg4j-core/1.10.0/mmseg4j-core-1.10.0.jar:/home/johannes/.m2/repository/org/languagetool/language-de/3.7/language-de-3.7.jar:/home/johannes/.m2/repository/org/languagetool/languagetool-core/3.7/languagetool-core-3.7.jar:/home/johannes/.m2/repository/net/java/dev/jna/jna/4.1.0/jna-4.1.0.jar:/home/johannes/.m2/repository/org/carrot2/morfologik-fsa/2.1.2/morfologik-fsa-2.1.2.jar:/home/johannes/.m2/repository/org/carrot2/morfologik-fsa-builders/2.1.2/morfologik-fsa-builders-2.1.2.jar:/home/johannes/.m2/repository/org/carrot2/morfologik-speller/2.1.2/morfologik-speller-2.1.2.jar:/home/johannes/.m2/repository/org/carrot2/morfologik-stemming/2.1.2/morfologik-stemming-2.1.2.jar:/home/johannes/.m2/repository/com/carrotsearch/hppc/0.7.1/hppc-0.7.1.jar:/home/johannes/.m2/repository/net/loomchild/segment/2.0.0/segment-2.0.0.jar:/home/johannes/.m2/repository/org/apache/lucene/lucene-backward-codecs/5.5.3/lucene-backward-codecs-5.5.3.jar:/home/johannes/.m2/repository/edu/berkeley/nlp/berkeleylm/1.1.2/berkeleylm-1.1.2.jar:/home/johannes/.m2/repository/org/languagetool/hunspell-native-libs/2.9/hunspell-native-libs-2.9.jar:/home/johannes/.m2/repository/de/danielnaber/german-pos-dict/1.1/german-pos-dict-1.1.jar:/home/johannes/.m2/repository/edu/washington/cs/knowitall/openregex/1.1.1/openregex-1.1.1.jar:/home/johannes/.m2/repository/de/danielnaber/jwordsplitter/4.1/jwordsplitter-4.1.jar:/home/johannes/.m2/repository/commons-collections/commons-collections/3.2.1/commons-collections-3.2.1.jar:/home/johannes/.m2/repository/org/apache/commons/commons-csv/1.5/commons-csv-1.5.jar:/home/johannes/.m2/repository/org/mongodb/mongodb-driver/3.6.4/mongodb-driver-3.6.4.jar:/home/johannes/.m2/repository/org/mongodb/bson/3.6.4/bson-3.6.4.jar:/home/johannes/.m2/repository/org/mongodb/mongodb-driver-core/3.6.4/mongodb-driver-core-3.6.4.jar:/home/johannes/.m2/repository/net/sf/extjwnl/extjwnl/1.9.4/extjwnl-1.9.4.jar:/home/johannes/.m2/repository/com/googlecode/concurrentlinkedhashmap/concurrentlinkedhashmap-lru/1.3.2/concurrentlinkedhashmap-lru-1.3.2.jar:/home/johannes/.m2/repository/net/sf/extjwnl/extjwnl-data-wn31/1.2/extjwnl-data-wn31-1.2.jar:/home/johannes/.m2/repository/com/github/ptnplanet/Java-Naive-Bayes-Classifier/1.0.7/Java-Naive-Bayes-Classifier-1.0.7.jar:/home/johannes/.m2/repository/me/tongfei/progressbar/0.5.5/progressbar-0.5.5.jar:/home/johannes/.m2/repository/jline/jline/2.12/jline-2.12.jar:/home/johannes/.m2/repository/org/apache/httpcomponents/httpclient/4.5.6/httpclient-4.5.6.jar:/home/johannes/.m2/repository/org/apache/httpcomponents/httpcore/4.4.10/httpcore-4.4.10.jar:/home/johannes/.m2/repository/commons-logging/commons-logging/1.2/commons-logging-1.2.jar:/home/johannes/.m2/repository/commons-codec/commons-codec/1.10/commons-codec-1.10.jar:/home/johannes/.m2/repository/commons-lang/commons-lang/2.6/commons-lang-2.6.jar:/home/johannes/.m2/repository/ch/qos/logback/logback-classic/1.1.9/logback-classic-1.1.9.jar:/home/johannes/.m2/repository/ch/qos/logback/logback-core/1.1.9/logback-core-1.1.9.jar:/home/johannes/.m2/repository/org/reflections/reflections/0.9.11/reflections-0.9.11.jar:/home/johannes/.m2/repository/org/javassist/javassist/3.21.0-GA/javassist-3.21.0-GA.jar:/home/johannes/.m2/repository/org/slf4j/slf4j-api/1.7.25/slf4j-api-1.7.25.jar:/home/johannes/.m2/repository/log4j/log4j/1.2.17/log4j-1.2.17.jar:/home/johannes/.m2/repository/com/fasterxml/jackson/core/jackson-databind/2.9.7/jackson-databind-2.9.7.jar:/home/johannes/.m2/repository/com/fasterxml/jackson/core/jackson-annotations/2.9.0/jackson-annotations-2.9.0.jar:/home/johannes/.m2/repository/com/fasterxml/jackson/core/jackson-core/2.9.7/jackson-core-2.9.7.jar:/home/johannes/.m2/repository/commons-cli/commons-cli/1.4/commons-cli-1.4.jar:/home/johannes/.m2/repository/org/atilika/kuromoji/kuromoji/0.7.7/kuromoji-0.7.7.jar:/home/johannes/.m2/repository/javax/mail/mail/1.5.0-b01/mail-1.5.0-b01.jar:/home/johannes/.m2/repository/javax/activation/activation/1.1.1/activation-1.1.1.jar:/home/johannes/.m2/repository/javax/xml/bind/jaxb-api/2.3.0/jaxb-api-2.3.0.jar:/home/johannes/.m2/repository/com/sun/xml/bind/jaxb-core/2.3.0/jaxb-core-2.3.0.jar:/home/johannes/.m2/repository/com/sun/xml/bind/jaxb-impl/2.3.0/jaxb-impl-2.3.0.jar:/home/johannes/.m2/repository/org/junit/jupiter/junit-jupiter-api/5.5.1/junit-jupiter-api-5.5.1.jar:/home/johannes/.m2/repository/org/apiguardian/apiguardian-api/1.1.0/apiguardian-api-1.1.0.jar:/home/johannes/.m2/repository/org/opentest4j/opentest4j/1.2.0/opentest4j-1.2.0.jar:/home/johannes/.m2/repository/org/junit/platform/junit-platform-commons/1.5.1/junit-platform-commons-1.5.1.jar:/home/johannes/.m2/repository/org/junit/jupiter/junit-jupiter-engine/5.5.1/junit-jupiter-engine-5.5.1.jar:/home/johannes/.m2/repository/org/junit/platform/junit-platform-engine/1.5.1/junit-platform-engine-1.5.1.jar:/home/johannes/.m2/repository/org/apache/maven/surefire/surefire-junit-platform/2.22.2/surefire-junit-platform-2.22.2.jar:/home/johannes/.m2/repository/org/junit/platform/junit-platform-launcher/1.3.1/junit-platform-launcher-1.3.1.jar"/>
    <property name="java.vm.vendor" value="Private Build"/>
    <property name="sun.arch.data.model" value="64"/>
    <property name="java.vendor.url" value="http://java.oracle.com/"/>
    <property name="user.timezone" value=""/>
    <property name="java.vm.specification.version" value="1.8"/>
    <property name="os.name" value="Linux"/>
    <property name="user.country" value="DE"/>
    <property name="sun.java.launcher" value="SUN_STANDARD"/>
    <property name="sun.boot.library.path" value="/usr/lib/jvm/java-8-openjdk-amd64/jre/lib/amd64"/>
    <property name="sun.java.command" value="org.apache.maven.surefire.booter.ForkedBooter /home/johannes/Repositories/cl-osa-tng/target/surefire 2020-11-17T00-46-10_300-jvmRun1 surefire6640790406286625590tmp surefire_04017267173037225173tmp"/>
    <property name="surefire.test.class.path" value="/home/johannes/Repositories/cl-osa-tng/target/test-classes:/home/johannes/Repositories/cl-osa-tng/target/classes:/home/johannes/.m2/repository/commons-io/commons-io/2.6/commons-io-2.6.jar:/home/johannes/.m2/repository/org/apache/commons/commons-lang3/3.7/commons-lang3-3.7.jar:/home/johannes/.m2/repository/edu/stanford/nlp/stanford-corenlp/3.7.0/stanford-corenlp-3.7.0.jar:/home/johannes/.m2/repository/com/apple/AppleJavaExtensions/1.4/AppleJavaExtensions-1.4.jar:/home/johannes/.m2/repository/de/jollyday/jollyday/0.4.9/jollyday-0.4.9.jar:/home/johannes/.m2/repository/org/apache/lucene/lucene-queryparser/4.10.3/lucene-queryparser-4.10.3.jar:/home/johannes/.m2/repository/org/apache/lucene/lucene-sandbox/4.10.3/lucene-sandbox-4.10.3.jar:/home/johannes/.m2/repository/org/apache/lucene/lucene-analyzers-common/4.10.3/lucene-analyzers-common-4.10.3.jar:/home/johannes/.m2/repository/org/apache/lucene/lucene-queries/4.10.3/lucene-queries-4.10.3.jar:/home/johannes/.m2/repository/org/apache/lucene/lucene-core/4.10.3/lucene-core-4.10.3.jar:/home/johannes/.m2/repository/javax/servlet/javax.servlet-api/3.0.1/javax.servlet-api-3.0.1.jar:/home/johannes/.m2/repository/com/io7m/xom/xom/1.2.10/xom-1.2.10.jar:/home/johannes/.m2/repository/xml-apis/xml-apis/1.3.03/xml-apis-1.3.03.jar:/home/johannes/.m2/repository/xerces/xercesImpl/2.8.0/xercesImpl-2.8.0.jar:/home/johannes/.m2/repository/xalan/xalan/2.7.0/xalan-2.7.0.jar:/home/johannes/.m2/repository/joda-time/joda-time/2.9/joda-time-2.9.jar:/home/johannes/.m2/repository/com/googlecode/efficient-java-matrix-library/ejml/0.23/ejml-0.23.jar:/home/johannes/.m2/repository/org/glassfish/javax.json/1.0.4/javax.json-1.0.4.jar:/home/johannes/.m2/repository/com/google/protobuf/protobuf-java/2.6.1/protobuf-java-2.6.1.jar:/home/johannes/.m2/repository/edu/stanford/nlp/stanford-corenlp/3.9.1/stanford-corenlp-3.9.1-models.jar:/home/johannes/.m2/repository/edu/stanford/nlp/stanford-corenlp/3.9.1/stanford-corenlp-3.9.1-models-english.jar:/home/johannes/.m2/repository/edu/stanford/nlp/stanford-corenlp/3.9.1/stanford-corenlp-3.9.1-models-chinese.jar:/home/johannes/.m2/repository/edu/stanford/nlp/stanford-corenlp/3.9.1/stanford-corenlp-3.9.1-models-german.jar:/home/johannes/.m2/repository/edu/stanford/nlp/stanford-corenlp/3.9.1/stanford-corenlp-3.9.1-models-spanish.jar:/home/johannes/.m2/repository/org/apache/commons/commons-math3/3.6.1/commons-math3-3.6.1.jar:/home/johannes/.m2/repository/org/apache/commons/commons-collections4/4.1/commons-collections4-4.1.jar:/home/johannes/.m2/repository/com/google/code/gson/gson/2.8.0/gson-2.8.0.jar:/home/johannes/.m2/repository/org/jsoup/jsoup/1.10.2/jsoup-1.10.2.jar:/home/johannes/.m2/repository/com/optimaize/languagedetector/language-detector/0.6/language-detector-0.6.jar:/home/johannes/.m2/repository/net/arnx/jsonic/1.2.11/jsonic-1.2.11.jar:/home/johannes/.m2/repository/com/intellij/annotations/12.0/annotations-12.0.jar:/home/johannes/.m2/repository/com/google/guava/guava/18.0/guava-18.0.jar:/home/johannes/.m2/repository/com/chenlb/mmseg4j/mmseg4j-core/1.10.0/mmseg4j-core-1.10.0.jar:/home/johannes/.m2/repository/org/languagetool/language-de/3.7/language-de-3.7.jar:/home/johannes/.m2/repository/org/languagetool/languagetool-core/3.7/languagetool-core-3.7.jar:/home/johannes/.m2/repository/net/java/dev/jna/jna/4.1.0/jna-4.1.0.jar:/home/johannes/.m2/repository/org/carrot2/morfologik-fsa/2.1.2/morfologik-fsa-2.1.2.jar:/home/johannes/.m2/repository/org/carrot2/morfologik-fsa-builders/2.1.2/morfologik-fsa-builders-2.1.2.jar:/home/johannes/.m2/repository/org/carrot2/morfologik-speller/2.1.2/morfologik-speller-2.1.2.jar:/home/johannes/.m2/repository/org/carrot2/morfologik-stemming/2.1.2/morfologik-stemming-2.1.2.jar:/home/johannes/.m2/repository/com/carrotsearch/hppc/0.7.1/hppc-0.7.1.jar:/home/johannes/.m2/repository/net/loomchild/segment/2.0.0/segment-2.0.0.jar:/home/johannes/.m2/repository/org/apache/lucene/lucene-backward-codecs/5.5.3/lucene-backward-codecs-5.5.3.jar:/home/johannes/.m2/repository/edu/berkeley/nlp/berkeleylm/1.1.2/berkeleylm-1.1.2.jar:/home/johannes/.m2/repository/org/languagetool/hunspell-native-libs/2.9/hunspell-native-libs-2.9.jar:/home/johannes/.m2/repository/de/danielnaber/german-pos-dict/1.1/german-pos-dict-1.1.jar:/home/johannes/.m2/repository/edu/washington/cs/knowitall/openregex/1.1.1/openregex-1.1.1.jar:/home/johannes/.m2/repository/de/danielnaber/jwordsplitter/4.1/jwordsplitter-4.1.jar:/home/johannes/.m2/repository/commons-collections/commons-collections/3.2.1/commons-collections-3.2.1.jar:/home/johannes/.m2/repository/org/apache/commons/commons-csv/1.5/commons-csv-1.5.jar:/home/johannes/.m2/repository/org/mongodb/mongodb-driver/3.6.4/mongodb-driver-3.6.4.jar:/home/johannes/.m2/repository/org/mongodb/bson/3.6.4/bson-3.6.4.jar:/home/johannes/.m2/repository/org/mongodb/mongodb-driver-core/3.6.4/mongodb-driver-core-3.6.4.jar:/home/johannes/.m2/repository/net/sf/extjwnl/extjwnl/1.9.4/extjwnl-1.9.4.jar:/home/johannes/.m2/repository/com/googlecode/concurrentlinkedhashmap/concurrentlinkedhashmap-lru/1.3.2/concurrentlinkedhashmap-lru-1.3.2.jar:/home/johannes/.m2/repository/net/sf/extjwnl/extjwnl-data-wn31/1.2/extjwnl-data-wn31-1.2.jar:/home/johannes/.m2/repository/com/github/ptnplanet/Java-Naive-Bayes-Classifier/1.0.7/Java-Naive-Bayes-Classifier-1.0.7.jar:/home/johannes/.m2/repository/me/tongfei/progressbar/0.5.5/progressbar-0.5.5.jar:/home/johannes/.m2/repository/jline/jline/2.12/jline-2.12.jar:/home/johannes/.m2/repository/org/apache/httpcomponents/httpclient/4.5.6/httpclient-4.5.6.jar:/home/johannes/.m2/repository/org/apache/httpcomponents/httpcore/4.4.10/httpcore-4.4.10.jar:/home/johannes/.m2/repository/commons-logging/commons-logging/1.2/commons-logging-1.2.jar:/home/johannes/.m2/repository/commons-codec/commons-codec/1.10/commons-codec-1.10.jar:/home/johannes/.m2/repository/commons-lang/commons-lang/2.6/commons-lang-2.6.jar:/home/johannes/.m2/repository/ch/qos/logback/logback-classic/1.1.9/logback-classic-1.1.9.jar:/home/johannes/.m2/repository/ch/qos/logback/logback-core/1.1.9/logback-core-1.1.9.jar:/home/johannes/.m2/repository/org/reflections/reflections/0.9.11/reflections-0.9.11.jar:/home/johannes/.m2/repository/org/javassist/javassist/3.21.0-GA/javassist-3.21.0-GA.jar:/home/johannes/.m2/repository/org/slf4j/slf4j-api/1.7.25/slf4j-api-1.7.25.jar:/home/johannes/.m2/repository/log4j/log4j/1.2.17/log4j-1.2.17.jar:/home/johannes/.m2/repository/com/fasterxml/jackson/core/jackson-databind/2.9.7/jackson-databind-2.9.7.jar:/home/johannes/.m2/repository/com/fasterxml/jackson/core/jackson-annotations/2.9.0/jackson-annotations-2.9.0.jar:/home/johannes/.m2/repository/com/fasterxml/jackson/core/jackson-core/2.9.7/jackson-core-2.9.7.jar:/home/johannes/.m2/repository/commons-cli/commons-cli/1.4/commons-cli-1.4.jar:/home/johannes/.m2/repository/org/atilika/kuromoji/kuromoji/0.7.7/kuromoji-0.7.7.jar:/home/johannes/.m2/repository/javax/mail/mail/1.5.0-b01/mail-1.5.0-b01.jar:/home/johannes/.m2/repository/javax/activation/activation/1.1.1/activation-1.1.1.jar:/home/johannes/.m2/repository/javax/xml/bind/jaxb-api/2.3.0/jaxb-api-2.3.0.jar:/home/johannes/.m2/repository/com/sun/xml/bind/jaxb-core/2.3.0/jaxb-core-2.3.0.jar:/home/johannes/.m2/repository/com/sun/xml/bind/jaxb-impl/2.3.0/jaxb-impl-2.3.0.jar:/home/johannes/.m2/repository/org/junit/jupiter/junit-jupiter-api/5.5.1/junit-jupiter-api-5.5.1.jar:/home/johannes/.m2/repository/org/apiguardian/apiguardian-api/1.1.0/apiguardian-api-1.1.0.jar:/home/johannes/.m2/repository/org/opentest4j/opentest4j/1.2.0/opentest4j-1.2.0.jar:/home/johannes/.m2/repository/org/junit/platform/junit-platform-commons/1.5.1/junit-platform-commons-1.5.1.jar:/home/johannes/.m2/repository/org/junit/jupiter/junit-jupiter-engine/5.5.1/junit-jupiter-engine-5.5.1.jar:/home/johannes/.m2/repository/org/junit/platform/junit-platform-engine/1.5.1/junit-platform-engine-1.5.1.jar:"/>
    <property name="sun.cpu.endian" value="little"/>
    <property name="user.home" value="/home/johannes"/>
    <property name="user.language" value="de"/>
    <property name="java.specification.vendor" value="Oracle Corporation"/>
    <property name="java.home" value="/usr/lib/jvm/java-8-openjdk-amd64/jre"/>
    <property name="basedir" value="/home/johannes/Repositories/cl-osa-tng"/>
    <property name="file.separator" value="/"/>
    <property name="line.separator" value="&#10;"/>
    <property name="java.vm.specification.vendor" value="Oracle Corporation"/>
    <property name="java.specification.name" value="Java Platform API Specification"/>
    <property name="java.awt.graphicsenv" value="sun.awt.X11GraphicsEnvironment"/>
    <property name="sun.boot.class.path" value="/usr/lib/jvm/java-8-openjdk-amd64/jre/lib/resources.jar:/usr/lib/jvm/java-8-openjdk-amd64/jre/lib/rt.jar:/usr/lib/jvm/java-8-openjdk-amd64/jre/lib/sunrsasign.jar:/usr/lib/jvm/java-8-openjdk-amd64/jre/lib/jsse.jar:/usr/lib/jvm/java-8-openjdk-amd64/jre/lib/jce.jar:/usr/lib/jvm/java-8-openjdk-amd64/jre/lib/charsets.jar:/usr/lib/jvm/java-8-openjdk-amd64/jre/lib/jfr.jar:/usr/lib/jvm/java-8-openjdk-amd64/jre/classes"/>
    <property name="sun.management.compiler" value="HotSpot 64-Bit Tiered Compilers"/>
    <property name="java.runtime.version" value="1.8.0_275-8u275-b01-0ubuntu1~20.04-b01"/>
    <property name="user.name" value="johannes"/>
    <property name="path.separator" value=":"/>
    <property name="os.version" value="5.4.0-53-generic"/>
    <property name="java.endorsed.dirs" value="/usr/lib/jvm/java-8-openjdk-amd64/jre/lib/endorsed"/>
    <property name="java.runtime.name" value="OpenJDK Runtime Environment"/>
    <property name="file.encoding" value="UTF-8"/>
    <property name="java.vm.name" value="OpenJDK 64-Bit Server VM"/>
    <property name="localRepository" value="/home/johannes/.m2/repository"/>
    <property name="java.vendor.url.bug" value="http://bugreport.sun.com/bugreport/"/>
    <property name="java.io.tmpdir" value="/tmp"/>
    <property name="idea.version" value="2020.2.3"/>
    <property name="java.version" value="1.8.0_275"/>
    <property name="user.dir" value="/home/johannes/Repositories/cl-osa-tng"/>
    <property name="os.arch" value="amd64"/>
    <property name="java.vm.specification.name" value="Java Virtual Machine Specification"/>
    <property name="java.awt.printerjob" value="sun.print.PSPrinterJob"/>
    <property name="sun.os.patch.level" value="unknown"/>
    <property name="java.library.path" value="/usr/java/packages/lib/amd64:/usr/lib/x86_64-linux-gnu/jni:/lib/x86_64-linux-gnu:/usr/lib/x86_64-linux-gnu:/usr/lib/jni:/lib:/usr/lib"/>
    <property name="java.vm.info" value="mixed mode"/>
    <property name="java.vendor" value="Private Build"/>
    <property name="java.vm.version" value="25.275-b01"/>
    <property name="java.ext.dirs" value="/usr/lib/jvm/java-8-openjdk-amd64/jre/lib/ext:/usr/java/packages/lib/ext"/>
    <property name="sun.io.unicode.encoding" value="UnicodeLittle"/>
    <property name="java.class.version" value="52.0"/>
  </properties>
  <testcase name="testFileHandling" classname="com.iandadesign.closa.evaluation.EvaluationSetTest" time="0.545">
    <error message="Parameter &apos;directory&apos; is not a directory: src/test/resources/com/iandadesign/closa/evaluation/test-bbc/en" type="java.lang.IllegalArgumentException">java.lang.IllegalArgumentException: Parameter 'directory' is not a directory: src/test/resources/com/iandadesign/closa/evaluation/test-bbc/en
	at com.iandadesign.closa.evaluation.EvaluationSetTest.testFileHandling(EvaluationSetTest.java:13)
</error>
    <system-out><![CDATA[Analyzing 0 file pairs... (CLOSAEvaluationSet)
]]></system-out>
  </testcase>
</testsuite>